<?xml version="1.0" encoding="UTF-8"?>
<testsuite xmlns:xsi="http://www.w3.org/2001/XMLSchema-instance" xsi:noNamespaceSchemaLocation="https://maven.apache.org/surefire/maven-surefire-plugin/xsd/surefire-test-report-3.0.xsd" version="3.0" name="TestSuite" time="5.856" tests="1" errors="0" skipped="0" failures="0">
  <properties>
[...]
</properties>
  <testcase name="KoelTest" classname="IntegrationalTest" time="1.556">
    <system-err><![CDATA[SLF4J: Failed to load class "org.slf4j.impl.StaticLoggerBinder".
SLF4J: Defaulting to no-operation (NOP) logger implementation
SLF4J: See http://www.slf4j.org/codes.html#StaticLoggerBinder for further details.
1679520550489	geckodriver	INFO	Listening on 127.0.0.1:10059
1679520550571	mozrunner::runner	INFO	Running command: "/Applications/Firefox.app/Contents/MacOS/firefox-bin" "--marionette" "--remote-debugging-port" "42970" "--r ... /[::1]:42970/" "-foreground" "-no-remote" "-profile" "/var/folders/r2/9mvr81_n4w17y20hkxw8rzlw0000gn/T/rust_mozprofile7hj1yW"
console.warn: services.settings: Ignoring preference override of remote settings server
console.warn: services.settings: Allow by setting MOZ_REMOTE_SETTINGS_DEVTOOLS=1 in the environment
1679520550920	Marionette	INFO	Marionette enabled
1679520550976	Marionette	INFO	Listening on port 54408
Read port: 54408
console.error: "Warning: unrecognized command line flag -remote-allow-hosts\n"
console.error: "Warning: unrecognized command line flag -remote-allow-origins\n"
WebDriver BiDi listening on ws://127.0.0.1:42970
1679520551093	RemoteAgent	WARN	TLS certificate errors will be ignored for this session
UNSUPPORTED (log once): POSSIBLE ISSUE: unit 1 GLD_TEXTURE_INDEX_2D is unloadable and bound to sampler type (Float) - using zero texture because texture unloadable
console.warn: SearchSettings: "get: No settings file exists, new profile?" (new NotFoundError("Could not open the file at /var/folders/r2/9mvr81_n4w17y20hkxw8rzlw0000gn/T/rust_mozprofile7hj1yW/search.json.mozlz4", (void 0)))
DevTools listening on ws://127.0.0.1:42970/devtools/browser/b6b4020a-e1b0-4997-9e5f-13fe4465965d
1679520554133	RemoteAgent	INFO	Perform WebSocket upgrade for incoming connection from 127.0.0.1:54457
1679520554141	CDP	WARN	Invalid browser preferences for CDP. Set "fission.webContentIsolationStrategy"to 0 and "fission.bfcacheInParent" to false before Firefox starts.
1679520554156	Marionette	INFO	Stopped listening on port 54408
WARNING: A blocker encountered an error while we were waiting.
          Blocker:  Waiting for ping task
          Phase: TelemetryController: Waiting for pending ping activity
          State: (none)
WARNING: Error: Phase "profile-before-change" is finished, it is too late to register completion condition "OS.File: flush I/O queued before profileBeforeChange"
WARNING: addBlocker@resource://gre/modules/AsyncShutdown.sys.mjs:727:15
addBlocker@resource://gre/moduleJas/vAsayncShutdown.sysS.mjs:cr52ip3:2t 6er
raoddrB:l ocrekesro@resuorurcec:e:////ggrer/em/omdoudluelse/sA/sAysncyShnutcdSohwutnd.oswyns..smjyss:4.5m8j:15s
,s leitnupeSh ut7d2o7w:n @Errersooru:r cPeh:a/s/gere /"mopdrouflielse/-obsefifloer/oes-fcihlaeng_ea"sy nci_fsr ofnitn.ijsshmed, i:1t5 4i8s:2 too late to register completion condit8ion "
OS.File: f@lush Ir/O queueed sbefoore uprofirleBefocreChean:ge"
J/ava/Scgriprt ereror/: resmourcoe://gdre/moudulesl/AsynecShutdown.sys.mjss, lin/e 72o7: Esrror:f Phaise "lprofiele-be/fore-ochasngef" is ifinlished,e it i_s taoo laste tyo regnistecr comp_frolnetiotn co.nditijon s"OSm.File:: flu1sh 5I/6O qu8eue:d 1bef6ore
 pr@oresourfce:/i/gre/mlodulees/oBsfilee.jsm:f12:3o0
@rresourcee://grCe/mohdules/TelemetryStorage.sys.mjs:10:28
_checkPendingPaings@resource://gre/modules/TelemetrySend.sys.mjs:863:17
setup@resource://gre/modules/TelemetrySend.sys.mjs:803:18
setup@resource://gre/modules/TelemetrySend.sys.mjs:241:30
setupTelemetry/tnhis._deglayedIneitTas"k<@re
souJavaSrce:/c/grer/moduiles/Tpelemtet ryConterollerPrarernt.syos.mjsr:828::36 
obsrervee@resosuorce://greu/modrulecs/AesyncSh:utdo/wn.s/ys.mjsg:576:r16
e
cons/ole.ermror:o "TedlemetruyScheldulere.shutdoswn - /AlreAsyncShutdady shut down"
WARNING: A blocker encountered an error while we were waiting.
          Blocker:  Waiting foor piwnng .tsayssk.
m j s ,   l i n e   7P2ha7: Error: Phase "profile-before-change" is finished, it is too late to register completion condition "OS.File: flush I/O queued before profileBeforeChange"
JavaScript error: resource://gre/modules/AsyncShutdown.sys.mjs, line 727: Error: Phase "profile-before-change" is finished, it is too late to register completion condition "OS.File: flush I/O queued before profileBeforeChange"
JavaScript error: resource://gre/modules/Asysen:c STheultedmoewtnry.Csoynst.rmojlsl,e r: Wlianiet i7n2g 7:f oErr rpoern:di nPgh ping aascet i"vprofile-ity
     b  e f ore- chaSnge"t is faite: (none)
nisWhAedRN, Iit Nis Gtoo :late  to rEegisrter crompletoiorn cond:it ioPn "hOS.Filae: fslush eI/O qu eue"d befpore prrofoileBfeforeiChalnge"e
Jav-aScrbipte error:f reosourrce://gre/modules/AsyncShutdown.syse.mj-s, lcine h727a: nError:g Phase e"prof"ile-b efiore-schang e" fis fiininshed,i ist ish too elatde t,o reg istier t is ctompleotion ocon dition l"OS.aFilte: fluesh I/ O quteueod befo re prrofeileBgefoireChsangte"
JeavarScript  errorc: resoourcem://pservlieces-stetitinogs/Utnils. jscm, oline 2n37:d TyipeError:t NeitworkEorrorn:  Ne"twork OrequSest. faFiled
ile: flush I/O queued before profileBeforeChange"
WARNING: addBlocker@resource://gre/modules/AsyncShutdown.sys.mjs:727:15
addBlocker@resource://gre/modules/AsyncShutdown.sys.mjs:523:26
addBlocker@resource://gre/modules/AsyncShutdown.sys.mjs:458:15
setupShutdown@resource://gre/modules/osfile/osfile_async_front.jsm:1548:28
@resource://gre/modules/osfile/osfile_async_front.jsm:1568:16
@resource://gre/modules/osfile.jsm:12:30
@resource://gre/modules/TelemetryStorage.sys.mjs:10:28
_checkPendingPings@resource://gre/modules/TelemetrySend.sys.mjs:863:17
setup@resource://gre/modules/TelemetrySend.sys.mjs:803:18
setup@resource://gre/modules/TelemetrySend.sys.mjs:241:30
setupTelemetry/this._delayedInitTask<@resource://gre/modules/TelemetryControllerParent.sys.mjs:828:36
observe@resource://gre/modules/AsyncShutdown.sys.mjs:576:16

WARNING: A blocker encountered an error while we were waiting.
          Blocker:  Waiting for ping task
          Phase: TelemetryController: Waiting for pending ping activity
          State: (none)
WARNING: Error: Phase "profile-before-change" is finished, it is too late to register completion condition "OS.File: flush I/O queued before profileBeforeChange"
WARNING: addBlocker@resource://gre/modules/AsyncShutdown.sys.mjs:727:15
addBlocker@resource://gre/modules/AsyncShutdown.sys.mjs:523:26
addBlocker@resource://gre/modules/AsyncShutdown.sys.mjs:458:15
setupShutdown@resource://gre/modules/osfile/osfile_async_front.jsm:1548:28
@resource://gre/modules/osfile/osfile_async_front.jsm:1568:16
@resource://gre/modules/osfile.jsm:12:30
@resource://gre/modules/TelemetryStorage.sys.mjs:10:28
_checkPendingPings@resource://gre/modules/TelemetrySend.sys.mjs:863:17
setup@resource://gre/modules/TelemetrySend.sys.mjs:803:18
setup@resource://gre/modules/TelemetrySend.sys.mjs:241:30
setupTelemetry/this._delayedInitTask<@resource://gre/modules/TelemetryControllerParent.sys.mjs:828:36
observe@resource://gre/modules/AsyncShutdown.sys.mjs:576:16

WARNING: A blocker encountered an error while we were waiting.
          Blocker:  TelemetryController: shutting down
          Phase: profile-before-change-telemetry
          State: Error getting state: Error: Phase "profile-before-change" is finished, it is too late to register completion condition "OS.File: flush I/O queued before profileBeforeChange" at addBlocker@resource://gre/modules/AsyncShutdown.sys.mjs:727:15
addBlocker@resource://gre/modules/AsyncShutdown.sys.mjs:523:26
addBlocker@resource://gre/modules/AsyncShutdown.sys.mjs:458:15
setupShutdown@resource://gre/modules/osfile/osfile_async_front.jsm:1548:28
@resource://gre/modules/osfile/osfile_async_front.jsm:1568:16
@resource://gre/modules/osfile.jsm:12:30
@resource://gre/modules/TelemetryStorage.sys.mjs:10:28
_checkPendingPings@resource://gre/modules/TelemetrySend.sys.mjs:863:17
setup@resource://gre/modules/TelemetrySend.sys.mjs:803:18
setup@resource://gre/modules/TelemetrySend.sys.mjs:241:30
setupTelemetry/this._delayedInitTask<@resource://gre/modules/TelemetryControllerParent.sys.mjs:828:36
observe@resource://gre/modules/AsyncShutdown.sys.mjs:576:16

WARNING: Error: Phase "profile-before-change" is finished, it is too late to register completion condition "OS.File: flush I/O queued before profileBeforeChange"
WARNING: addBlocker@resource://gre/modules/AsyncShutdown.sys.mjs:727:15
addBlocker@resource://gre/modules/AsyncShutdown.sys.mjs:523:26
addBlocker@resource://gre/modules/AsyncShutdown.sys.mjs:458:15
setupShutdown@resource://gre/modules/osfile/osfile_async_front.jsm:1548:28
@resource://gre/modules/osfile/osfile_async_front.jsm:1568:16
@resource://gre/modules/osfile.jsm:12:30
@resource://gre/modules/TelemetryStorage.sys.mjs:10:28
_checkPendingPings@resource://gre/modules/TelemetrySend.sys.mjs:863:17
setup@resource://gre/modules/TelemetrySend.sys.mjs:803:18
setup@resource://gre/modules/TelemetrySend.sys.mjs:241:30
setupTelemetry/this._delayedInitTask<@resource://gre/modules/TelemetryControllerParent.sys.mjs:828:36
observe@resource://gre/modules/AsyncShutdown.sys.mjs:576:16

console.error: (new TypeError("NetworkError: Network request failed", "resource://services-settings/Utils.jsm", 237))
]]></system-err>
  </testcase>
</testsuite>