<?xml version="1.0" encoding="UTF-8"?>
<testng-results ignored="0" total="1" passed="1" failed="0" skipped="0">
  <reporter-output>
  </reporter-output>
  <suite started-at="2023-03-22T17:29:08 EDT" name="RestAssured" finished-at="2023-03-22T17:29:14 EDT" duration-ms="5522">
    <groups>
    </groups>
    <test started-at="2023-03-22T17:29:08 EDT" name="Test" finished-at="2023-03-22T17:29:14 EDT" duration-ms="5522">
      <class name="IntegrationalTest">
        <test-method is-config="true" signature="browserSetUp()[pri:0, instance:IntegrationalTest@3b07a0d6]" started-at="2023-03-22T17:29:08 EDT" name="browserSetUp" finished-at="2023-03-22T17:29:12 EDT" duration-ms="3951" status="PASS">
          <reporter-output>
          </reporter-output>
        </test-method> <!-- browserSetUp -->
        <test-method signature="KoelTest()[pri:0, instance:IntegrationalTest@3b07a0d6]" started-at="2023-03-22T17:29:12 EDT" name="KoelTest" finished-at="2023-03-22T17:29:14 EDT" duration-ms="1557" status="PASS">
          <reporter-output>
          </reporter-output>
        </test-method> <!-- KoelTest -->
      </class> <!-- IntegrationalTest -->
    </test> <!-- Test -->
  </suite> <!-- RestAssured -->
</testng-results>
